------------------------------------------------------------
/usr/bin/pip run on Fri Sep 26 10:20:48 2014
Uninstalling South:
  /usr/local/lib/python2.7/dist-packages/South-1.0.egg-info
  /usr/local/lib/python2.7/dist-packages/south/__init__.py
  /usr/local/lib/python2.7/dist-packages/south/__init__.pyc
  /usr/local/lib/python2.7/dist-packages/south/creator/__init__.py
  /usr/local/lib/python2.7/dist-packages/south/creator/__init__.pyc
  /usr/local/lib/python2.7/dist-packages/south/creator/actions.py
  /usr/local/lib/python2.7/dist-packages/south/creator/actions.pyc
  /usr/local/lib/python2.7/dist-packages/south/creator/changes.py
  /usr/local/lib/python2.7/dist-packages/south/creator/changes.pyc
  /usr/local/lib/python2.7/dist-packages/south/creator/freezer.py
  /usr/local/lib/python2.7/dist-packages/south/creator/freezer.pyc
  /usr/local/lib/python2.7/dist-packages/south/db/__init__.py
  /usr/local/lib/python2.7/dist-packages/south/db/__init__.pyc
  /usr/local/lib/python2.7/dist-packages/south/db/firebird.py
  /usr/local/lib/python2.7/dist-packages/south/db/firebird.pyc
  /usr/local/lib/python2.7/dist-packages/south/db/generic.py
  /usr/local/lib/python2.7/dist-packages/south/db/generic.pyc
  /usr/local/lib/python2.7/dist-packages/south/db/mysql.py
  /usr/local/lib/python2.7/dist-packages/south/db/mysql.pyc
  /usr/local/lib/python2.7/dist-packages/south/db/oracle.py
  /usr/local/lib/python2.7/dist-packages/south/db/oracle.pyc
  /usr/local/lib/python2.7/dist-packages/south/db/postgresql_psycopg2.py
  /usr/local/lib/python2.7/dist-packages/south/db/postgresql_psycopg2.pyc
  /usr/local/lib/python2.7/dist-packages/south/db/sql_server/__init__.py
  /usr/local/lib/python2.7/dist-packages/south/db/sql_server/__init__.pyc
  /usr/local/lib/python2.7/dist-packages/south/db/sql_server/pyodbc.py
  /usr/local/lib/python2.7/dist-packages/south/db/sql_server/pyodbc.pyc
  /usr/local/lib/python2.7/dist-packages/south/db/sqlite3.py
  /usr/local/lib/python2.7/dist-packages/south/db/sqlite3.pyc
  /usr/local/lib/python2.7/dist-packages/south/exceptions.py
  /usr/local/lib/python2.7/dist-packages/south/exceptions.pyc
  /usr/local/lib/python2.7/dist-packages/south/hacks/__init__.py
  /usr/local/lib/python2.7/dist-packages/south/hacks/__init__.pyc
  /usr/local/lib/python2.7/dist-packages/south/hacks/django_1_0.py
  /usr/local/lib/python2.7/dist-packages/south/hacks/django_1_0.pyc
  /usr/local/lib/python2.7/dist-packages/south/introspection_plugins/__init__.py
  /usr/local/lib/python2.7/dist-packages/south/introspection_plugins/__init__.pyc
  /usr/local/lib/python2.7/dist-packages/south/introspection_plugins/annoying_autoonetoone.py
  /usr/local/lib/python2.7/dist-packages/south/introspection_plugins/annoying_autoonetoone.pyc
  /usr/local/lib/python2.7/dist-packages/south/introspection_plugins/django_audit_log.py
  /usr/local/lib/python2.7/dist-packages/south/introspection_plugins/django_audit_log.pyc
  /usr/local/lib/python2.7/dist-packages/south/introspection_plugins/django_objectpermissions.py
  /usr/local/lib/python2.7/dist-packages/south/introspection_plugins/django_objectpermissions.pyc
  /usr/local/lib/python2.7/dist-packages/south/introspection_plugins/django_tagging.py
  /usr/local/lib/python2.7/dist-packages/south/introspection_plugins/django_tagging.pyc
  /usr/local/lib/python2.7/dist-packages/south/introspection_plugins/django_taggit.py
  /usr/local/lib/python2.7/dist-packages/south/introspection_plugins/django_taggit.pyc
  /usr/local/lib/python2.7/dist-packages/south/introspection_plugins/django_timezones.py
  /usr/local/lib/python2.7/dist-packages/south/introspection_plugins/django_timezones.pyc
  /usr/local/lib/python2.7/dist-packages/south/introspection_plugins/geodjango.py
  /usr/local/lib/python2.7/dist-packages/south/introspection_plugins/geodjango.pyc
  /usr/local/lib/python2.7/dist-packages/south/logger.py
  /usr/local/lib/python2.7/dist-packages/south/logger.pyc
  /usr/local/lib/python2.7/dist-packages/south/management/__init__.py
  /usr/local/lib/python2.7/dist-packages/south/management/__init__.pyc
  /usr/local/lib/python2.7/dist-packages/south/management/commands/__init__.py
  /usr/local/lib/python2.7/dist-packages/south/management/commands/__init__.pyc
  /usr/local/lib/python2.7/dist-packages/south/management/commands/convert_to_south.py
  /usr/local/lib/python2.7/dist-packages/south/management/commands/convert_to_south.pyc
  /usr/local/lib/python2.7/dist-packages/south/management/commands/datamigration.py
  /usr/local/lib/python2.7/dist-packages/south/management/commands/datamigration.pyc
  /usr/local/lib/python2.7/dist-packages/south/management/commands/graphmigrations.py
  /usr/local/lib/python2.7/dist-packages/south/management/commands/graphmigrations.pyc
  /usr/local/lib/python2.7/dist-packages/south/management/commands/migrate.py
  /usr/local/lib/python2.7/dist-packages/south/management/commands/migrate.pyc
  /usr/local/lib/python2.7/dist-packages/south/management/commands/migrationcheck.py
  /usr/local/lib/python2.7/dist-packages/south/management/commands/migrationcheck.pyc
  /usr/local/lib/python2.7/dist-packages/south/management/commands/schemamigration.py
  /usr/local/lib/python2.7/dist-packages/south/management/commands/schemamigration.pyc
  /usr/local/lib/python2.7/dist-packages/south/management/commands/startmigration.py
  /usr/local/lib/python2.7/dist-packages/south/management/commands/startmigration.pyc
  /usr/local/lib/python2.7/dist-packages/south/management/commands/syncdb.py
  /usr/local/lib/python2.7/dist-packages/south/management/commands/syncdb.pyc
  /usr/local/lib/python2.7/dist-packages/south/management/commands/test.py
  /usr/local/lib/python2.7/dist-packages/south/management/commands/test.pyc
  /usr/local/lib/python2.7/dist-packages/south/management/commands/testserver.py
  /usr/local/lib/python2.7/dist-packages/south/management/commands/testserver.pyc
  /usr/local/lib/python2.7/dist-packages/south/migration/__init__.py
  /usr/local/lib/python2.7/dist-packages/south/migration/__init__.pyc
  /usr/local/lib/python2.7/dist-packages/south/migration/base.py
  /usr/local/lib/python2.7/dist-packages/south/migration/base.pyc
  /usr/local/lib/python2.7/dist-packages/south/migration/migrators.py
  /usr/local/lib/python2.7/dist-packages/south/migration/migrators.pyc
  /usr/local/lib/python2.7/dist-packages/south/migration/utils.py
  /usr/local/lib/python2.7/dist-packages/south/migration/utils.pyc
  /usr/local/lib/python2.7/dist-packages/south/models.py
  /usr/local/lib/python2.7/dist-packages/south/models.pyc
  /usr/local/lib/python2.7/dist-packages/south/modelsinspector.py
  /usr/local/lib/python2.7/dist-packages/south/modelsinspector.pyc
  /usr/local/lib/python2.7/dist-packages/south/orm.py
  /usr/local/lib/python2.7/dist-packages/south/orm.pyc
  /usr/local/lib/python2.7/dist-packages/south/signals.py
  /usr/local/lib/python2.7/dist-packages/south/signals.pyc
  /usr/local/lib/python2.7/dist-packages/south/test_shim.py
  /usr/local/lib/python2.7/dist-packages/south/test_shim.pyc
  /usr/local/lib/python2.7/dist-packages/south/tests/__init__.py
  /usr/local/lib/python2.7/dist-packages/south/tests/__init__.pyc
  /usr/local/lib/python2.7/dist-packages/south/tests/autodetection.py
  /usr/local/lib/python2.7/dist-packages/south/tests/autodetection.pyc
  /usr/local/lib/python2.7/dist-packages/south/tests/brokenapp/__init__.py
  /usr/local/lib/python2.7/dist-packages/south/tests/brokenapp/__init__.pyc
  /usr/local/lib/python2.7/dist-packages/south/tests/brokenapp/migrations/0001_depends_on_unmigrated.py
  /usr/local/lib/python2.7/dist-packages/south/tests/brokenapp/migrations/0001_depends_on_unmigrated.pyc
  /usr/local/lib/python2.7/dist-packages/south/tests/brokenapp/migrations/0002_depends_on_unknown.py
  /usr/local/lib/python2.7/dist-packages/south/tests/brokenapp/migrations/0002_depends_on_unknown.pyc
  /usr/local/lib/python2.7/dist-packages/south/tests/brokenapp/migrations/0003_depends_on_higher.py
  /usr/local/lib/python2.7/dist-packages/south/tests/brokenapp/migrations/0003_depends_on_higher.pyc
  /usr/local/lib/python2.7/dist-packages/south/tests/brokenapp/migrations/0004_higher.py
  /usr/local/lib/python2.7/dist-packages/south/tests/brokenapp/migrations/0004_higher.pyc
  /usr/local/lib/python2.7/dist-packages/south/tests/brokenapp/migrations/__init__.py
  /usr/local/lib/python2.7/dist-packages/south/tests/brokenapp/migrations/__init__.pyc
  /usr/local/lib/python2.7/dist-packages/south/tests/brokenapp/models.py
  /usr/local/lib/python2.7/dist-packages/south/tests/brokenapp/models.pyc
  /usr/local/lib/python2.7/dist-packages/south/tests/circular_a/__init__.py
  /usr/local/lib/python2.7/dist-packages/south/tests/circular_a/__init__.pyc
  /usr/local/lib/python2.7/dist-packages/south/tests/circular_a/migrations/0001_first.py
  /usr/local/lib/python2.7/dist-packages/south/tests/circular_a/migrations/0001_first.pyc
  /usr/local/lib/python2.7/dist-packages/south/tests/circular_a/migrations/__init__.py
  /usr/local/lib/python2.7/dist-packages/south/tests/circular_a/migrations/__init__.pyc
  /usr/local/lib/python2.7/dist-packages/south/tests/circular_a/models.py
  /usr/local/lib/python2.7/dist-packages/south/tests/circular_a/models.pyc
  /usr/local/lib/python2.7/dist-packages/south/tests/circular_b/__init__.py
  /usr/local/lib/python2.7/dist-packages/south/tests/circular_b/__init__.pyc
  /usr/local/lib/python2.7/dist-packages/south/tests/circular_b/migrations/0001_first.py
  /usr/local/lib/python2.7/dist-packages/south/tests/circular_b/migrations/0001_first.pyc
  /usr/local/lib/python2.7/dist-packages/south/tests/circular_b/migrations/__init__.py
  /usr/local/lib/python2.7/dist-packages/south/tests/circular_b/migrations/__init__.pyc
  /usr/local/lib/python2.7/dist-packages/south/tests/circular_b/models.py
  /usr/local/lib/python2.7/dist-packages/south/tests/circular_b/models.pyc
  /usr/local/lib/python2.7/dist-packages/south/tests/db.py
  /usr/local/lib/python2.7/dist-packages/south/tests/db.pyc
  /usr/local/lib/python2.7/dist-packages/south/tests/db_firebird.py
  /usr/local/lib/python2.7/dist-packages/south/tests/db_firebird.pyc
  /usr/local/lib/python2.7/dist-packages/south/tests/db_mysql.py
  /usr/local/lib/python2.7/dist-packages/south/tests/db_mysql.pyc
  /usr/local/lib/python2.7/dist-packages/south/tests/deps_a/__init__.py
  /usr/local/lib/python2.7/dist-packages/south/tests/deps_a/__init__.pyc
  /usr/local/lib/python2.7/dist-packages/south/tests/deps_a/migrations/0001_a.py
  /usr/local/lib/python2.7/dist-packages/south/tests/deps_a/migrations/0001_a.pyc
  /usr/local/lib/python2.7/dist-packages/south/tests/deps_a/migrations/0002_a.py
  /usr/local/lib/python2.7/dist-packages/south/tests/deps_a/migrations/0002_a.pyc
  /usr/local/lib/python2.7/dist-packages/south/tests/deps_a/migrations/0003_a.py
  /usr/local/lib/python2.7/dist-packages/south/tests/deps_a/migrations/0003_a.pyc
  /usr/local/lib/python2.7/dist-packages/south/tests/deps_a/migrations/0004_a.py
  /usr/local/lib/python2.7/dist-packages/south/tests/deps_a/migrations/0004_a.pyc
  /usr/local/lib/python2.7/dist-packages/south/tests/deps_a/migrations/0005_a.py
  /usr/local/lib/python2.7/dist-packages/south/tests/deps_a/migrations/0005_a.pyc
  /usr/local/lib/python2.7/dist-packages/south/tests/deps_a/migrations/__init__.py
  /usr/local/lib/python2.7/dist-packages/south/tests/deps_a/migrations/__init__.pyc
  /usr/local/lib/python2.7/dist-packages/south/tests/deps_a/models.py
  /usr/local/lib/python2.7/dist-packages/south/tests/deps_a/models.pyc
  /usr/local/lib/python2.7/dist-packages/south/tests/deps_b/__init__.py
  /usr/local/lib/python2.7/dist-packages/south/tests/deps_b/__init__.pyc
  /usr/local/lib/python2.7/dist-packages/south/tests/deps_b/migrations/0001_b.py
  /usr/local/lib/python2.7/dist-packages/south/tests/deps_b/migrations/0001_b.pyc
  /usr/local/lib/python2.7/dist-packages/south/tests/deps_b/migrations/0002_b.py
  /usr/local/lib/python2.7/dist-packages/south/tests/deps_b/migrations/0002_b.pyc
  /usr/local/lib/python2.7/dist-packages/south/tests/deps_b/migrations/0003_b.py
  /usr/local/lib/python2.7/dist-packages/south/tests/deps_b/migrations/0003_b.pyc
  /usr/local/lib/python2.7/dist-packages/south/tests/deps_b/migrations/0004_b.py
  /usr/local/lib/python2.7/dist-packages/south/tests/deps_b/migrations/0004_b.pyc
  /usr/local/lib/python2.7/dist-packages/south/tests/deps_b/migrations/0005_b.py
  /usr/local/lib/python2.7/dist-packages/south/tests/deps_b/migrations/0005_b.pyc
  /usr/local/lib/python2.7/dist-packages/south/tests/deps_b/migrations/__init__.py
  /usr/local/lib/python2.7/dist-packages/south/tests/deps_b/migrations/__init__.pyc
  /usr/local/lib/python2.7/dist-packages/south/tests/deps_b/models.py
  /usr/local/lib/python2.7/dist-packages/south/tests/deps_b/models.pyc
  /usr/local/lib/python2.7/dist-packages/south/tests/deps_c/__init__.py
  /usr/local/lib/python2.7/dist-packages/south/tests/deps_c/__init__.pyc
  /usr/local/lib/python2.7/dist-packages/south/tests/deps_c/migrations/0001_c.py
  /usr/local/lib/python2.7/dist-packages/south/tests/deps_c/migrations/0001_c.pyc
  /usr/local/lib/python2.7/dist-packages/south/tests/deps_c/migrations/0002_c.py
  /usr/local/lib/python2.7/dist-packages/south/tests/deps_c/migrations/0002_c.pyc
  /usr/local/lib/python2.7/dist-packages/south/tests/deps_c/migrations/0003_c.py
  /usr/local/lib/python2.7/dist-packages/south/tests/deps_c/migrations/0003_c.pyc
  /usr/local/lib/python2.7/dist-packages/south/tests/deps_c/migrations/0004_c.py
  /usr/local/lib/python2.7/dist-packages/south/tests/deps_c/migrations/0004_c.pyc
  /usr/local/lib/python2.7/dist-packages/south/tests/deps_c/migrations/0005_c.py
  /usr/local/lib/python2.7/dist-packages/south/tests/deps_c/migrations/0005_c.pyc
  /usr/local/lib/python2.7/dist-packages/south/tests/deps_c/migrations/__init__.py
  /usr/local/lib/python2.7/dist-packages/south/tests/deps_c/migrations/__init__.pyc
  /usr/local/lib/python2.7/dist-packages/south/tests/deps_c/models.py
  /usr/local/lib/python2.7/dist-packages/south/tests/deps_c/models.pyc
  /usr/local/lib/python2.7/dist-packages/south/tests/emptyapp/__init__.py
  /usr/local/lib/python2.7/dist-packages/south/tests/emptyapp/__init__.pyc
  /usr/local/lib/python2.7/dist-packages/south/tests/emptyapp/migrations/__init__.py
  /usr/local/lib/python2.7/dist-packages/south/tests/emptyapp/migrations/__init__.pyc
  /usr/local/lib/python2.7/dist-packages/south/tests/emptyapp/models.py
  /usr/local/lib/python2.7/dist-packages/south/tests/emptyapp/models.pyc
  /usr/local/lib/python2.7/dist-packages/south/tests/fakeapp/__init__.py
  /usr/local/lib/python2.7/dist-packages/south/tests/fakeapp/__init__.pyc
  /usr/local/lib/python2.7/dist-packages/south/tests/fakeapp/migrations/0001_spam.py
  /usr/local/lib/python2.7/dist-packages/south/tests/fakeapp/migrations/0001_spam.pyc
  /usr/local/lib/python2.7/dist-packages/south/tests/fakeapp/migrations/0002_eggs.py
  /usr/local/lib/python2.7/dist-packages/south/tests/fakeapp/migrations/0002_eggs.pyc
  /usr/local/lib/python2.7/dist-packages/south/tests/fakeapp/migrations/0003_alter_spam.py
  /usr/local/lib/python2.7/dist-packages/south/tests/fakeapp/migrations/0003_alter_spam.pyc
  /usr/local/lib/python2.7/dist-packages/south/tests/fakeapp/migrations/__init__.py
  /usr/local/lib/python2.7/dist-packages/south/tests/fakeapp/migrations/__init__.pyc
  /usr/local/lib/python2.7/dist-packages/south/tests/fakeapp/models.py
  /usr/local/lib/python2.7/dist-packages/south/tests/fakeapp/models.pyc
  /usr/local/lib/python2.7/dist-packages/south/tests/freezer.py
  /usr/local/lib/python2.7/dist-packages/south/tests/freezer.pyc
  /usr/local/lib/python2.7/dist-packages/south/tests/inspector.py
  /usr/local/lib/python2.7/dist-packages/south/tests/inspector.pyc
  /usr/local/lib/python2.7/dist-packages/south/tests/logger.py
  /usr/local/lib/python2.7/dist-packages/south/tests/logger.pyc
  /usr/local/lib/python2.7/dist-packages/south/tests/logic.py
  /usr/local/lib/python2.7/dist-packages/south/tests/logic.pyc
  /usr/local/lib/python2.7/dist-packages/south/tests/non_managed/__init__.py
  /usr/local/lib/python2.7/dist-packages/south/tests/non_managed/__init__.pyc
  /usr/local/lib/python2.7/dist-packages/south/tests/non_managed/migrations/__init__.py
  /usr/local/lib/python2.7/dist-packages/south/tests/non_managed/migrations/__init__.pyc
  /usr/local/lib/python2.7/dist-packages/south/tests/non_managed/models.py
  /usr/local/lib/python2.7/dist-packages/south/tests/non_managed/models.pyc
  /usr/local/lib/python2.7/dist-packages/south/tests/otherfakeapp/__init__.py
  /usr/local/lib/python2.7/dist-packages/south/tests/otherfakeapp/__init__.pyc
  /usr/local/lib/python2.7/dist-packages/south/tests/otherfakeapp/migrations/0001_first.py
  /usr/local/lib/python2.7/dist-packages/south/tests/otherfakeapp/migrations/0001_first.pyc
  /usr/local/lib/python2.7/dist-packages/south/tests/otherfakeapp/migrations/0002_second.py
  /usr/local/lib/python2.7/dist-packages/south/tests/otherfakeapp/migrations/0002_second.pyc
  /usr/local/lib/python2.7/dist-packages/south/tests/otherfakeapp/migrations/0003_third.py
  /usr/local/lib/python2.7/dist-packages/south/tests/otherfakeapp/migrations/0003_third.pyc
  /usr/local/lib/python2.7/dist-packages/south/tests/otherfakeapp/migrations/__init__.py
  /usr/local/lib/python2.7/dist-packages/south/tests/otherfakeapp/migrations/__init__.pyc
  /usr/local/lib/python2.7/dist-packages/south/tests/otherfakeapp/models.py
  /usr/local/lib/python2.7/dist-packages/south/tests/otherfakeapp/models.pyc
  /usr/local/lib/python2.7/dist-packages/south/utils/__init__.py
  /usr/local/lib/python2.7/dist-packages/south/utils/__init__.pyc
  /usr/local/lib/python2.7/dist-packages/south/utils/datetime_utils.py
  /usr/local/lib/python2.7/dist-packages/south/utils/datetime_utils.pyc
  /usr/local/lib/python2.7/dist-packages/south/utils/py3.py
  /usr/local/lib/python2.7/dist-packages/south/utils/py3.pyc
  /usr/local/lib/python2.7/dist-packages/south/v2.py
  /usr/local/lib/python2.7/dist-packages/south/v2.pyc
  Removing file or directory /usr/local/lib/python2.7/dist-packages/South-1.0.egg-info
Exception:
Traceback (most recent call last):
  File "/usr/lib/python2.7/dist-packages/pip/basecommand.py", line 122, in main
    status = self.run(options, args)
  File "/usr/lib/python2.7/dist-packages/pip/commands/uninstall.py", line 59, in run
    requirement_set.uninstall(auto_confirm=options.yes)
  File "/usr/lib/python2.7/dist-packages/pip/req.py", line 1035, in uninstall
    req.uninstall(auto_confirm=auto_confirm)
  File "/usr/lib/python2.7/dist-packages/pip/req.py", line 598, in uninstall
    paths_to_remove.remove(auto_confirm)
  File "/usr/lib/python2.7/dist-packages/pip/req.py", line 1836, in remove
    renames(path, new_path)
  File "/usr/lib/python2.7/dist-packages/pip/util.py", line 295, in renames
    shutil.move(old, new)
  File "/usr/lib/python2.7/shutil.py", line 300, in move
    rmtree(src)
  File "/usr/lib/python2.7/shutil.py", line 252, in rmtree
    onerror(os.remove, fullname, sys.exc_info())
  File "/usr/lib/python2.7/shutil.py", line 250, in rmtree
    os.remove(fullname)
OSError: [Errno 13] Permission denied: '/usr/local/lib/python2.7/dist-packages/South-1.0.egg-info/dependency_links.txt'
